<?xml version="1.0" encoding="UTF-8"?>
<!-- Generated by org.testng.reporters.JUnitReportReporter -->
<testsuite hostname="Aksheshs-MacBook-Pro.local" failures="0" tests="2" name="gopi_Seleniummav.StandAloneTest" time="14.439" errors="0" timestamp="2025-03-27T16:35:42 PDT" skipped="0">
  <testcase classname="gopi_Seleniummav.StandAloneTest" name="orderHistoryValidation" time="5.100"/>
  <testcase classname="gopi_Seleniummav.StandAloneTest" name="submitOrderFlow" time="9.339"/>
</testsuite> <!-- gopi_Seleniummav.StandAloneTest -->
