<?xml version="1.0" encoding="UTF-8"?>
<!-- Generated by org.testng.reporters.JUnitReportReporter -->
<testsuite hostname="Aksheshs-MacBook-Pro.local" failures="0" tests="2" name="Gopi_Selenium.StandAloneTest" time="14.549" errors="0" timestamp="2025-01-06T14:10:27 PST" skipped="0">
  <testcase classname="Gopi_Selenium.StandAloneTest" name="orderHistoryValidation" time="5.115"/>
  <testcase classname="Gopi_Selenium.StandAloneTest" name="submitOrderFlow" time="9.434"/>
</testsuite> <!-- Gopi_Selenium.StandAloneTest -->
